Analysis & Synthesis report for seg_led_dynamic
Thu Sep 07 10:46:05 2023
Quartus Prime Version 18.1.0 Build 625 09/12/2018 SJ Standard Edition


---------------------
; Table of Contents ;
---------------------
  1. Legal Notice
  2. Analysis & Synthesis Summary
  3. Analysis & Synthesis Settings
  4. Parallel Compilation
  5. Analysis & Synthesis Source Files Read
  6. Analysis & Synthesis Resource Usage Summary
  7. Analysis & Synthesis Resource Utilization by Entity
  8. Registers Removed During Synthesis
  9. General Register Statistics
 10. Inverted Register Statistics
 11. Multiplexer Restructuring Statistics (Restructuring Performed)
 12. Parameter Settings for User Entity Instance: Top-level Entity: |top
 13. Parameter Settings for User Entity Instance: seg_led_dynamic:u_seg_led_dynamic
 14. Parameter Settings for User Entity Instance: time_count:u_time_count
 15. Parameter Settings for Inferred Entity Instance: seg_led_dynamic:u_seg_led_dynamic|lpm_divide:Mod0
 16. Parameter Settings for Inferred Entity Instance: seg_led_dynamic:u_seg_led_dynamic|lpm_divide:Div0
 17. Parameter Settings for Inferred Entity Instance: seg_led_dynamic:u_seg_led_dynamic|lpm_divide:Mod2
 18. Parameter Settings for Inferred Entity Instance: seg_led_dynamic:u_seg_led_dynamic|lpm_divide:Div2
 19. Parameter Settings for Inferred Entity Instance: seg_led_dynamic:u_seg_led_dynamic|lpm_divide:Mod1
 20. Parameter Settings for Inferred Entity Instance: seg_led_dynamic:u_seg_led_dynamic|lpm_divide:Div1
 21. Post-Synthesis Netlist Statistics for Top Partition
 22. Elapsed Time Per Partition
 23. Analysis & Synthesis Messages



----------------
; Legal Notice ;
----------------
Copyright (C) 2018  Intel Corporation. All rights reserved.
Your use of Intel Corporation's design tools, logic functions 
and other software and tools, and its AMPP partner logic 
functions, and any output files from any of the foregoing 
(including device programming or simulation files), and any 
associated documentation or information are expressly subject 
to the terms and conditions of the Intel Program License 
Subscription Agreement, the Intel Quartus Prime License Agreement,
the Intel FPGA IP License Agreement, or other applicable license
agreement, including, without limitation, that your use is for
the sole purpose of programming logic devices manufactured by
Intel and sold by Intel or its authorized distributors.  Please
refer to the applicable agreement for further details.



+--------------------------------------------------------------------------------------+
; Analysis & Synthesis Summary                                                         ;
+------------------------------------+-------------------------------------------------+
; Analysis & Synthesis Status        ; Successful - Thu Sep 07 10:46:05 2023           ;
; Quartus Prime Version              ; 18.1.0 Build 625 09/12/2018 SJ Standard Edition ;
; Revision Name                      ; seg_led_dynamic                                 ;
; Top-level Entity Name              ; top                                             ;
; Family                             ; Cyclone IV E                                    ;
; Total logic elements               ; 313                                             ;
;     Total combinational functions  ; 309                                             ;
;     Dedicated logic registers      ; 70                                              ;
; Total registers                    ; 70                                              ;
; Total pins                         ; 16                                              ;
; Total virtual pins                 ; 0                                               ;
; Total memory bits                  ; 0                                               ;
; Embedded Multiplier 9-bit elements ; 0                                               ;
; Total PLLs                         ; 0                                               ;
+------------------------------------+-------------------------------------------------+


+------------------------------------------------------------------------------------------------------------+
; Analysis & Synthesis Settings                                                                              ;
+------------------------------------------------------------------+--------------------+--------------------+
; Option                                                           ; Setting            ; Default Value      ;
+------------------------------------------------------------------+--------------------+--------------------+
; Device                                                           ; EP4CE6F17C8        ;                    ;
; Top-level entity name                                            ; top                ; seg_led_dynamic    ;
; Family name                                                      ; Cyclone IV E       ; Cyclone V          ;
; Use smart compilation                                            ; Off                ; Off                ;
; Enable parallel Assembler and Timing Analyzer during compilation ; On                 ; On                 ;
; Enable compact report table                                      ; Off                ; Off                ;
; Restructure Multiplexers                                         ; Auto               ; Auto               ;
; Create Debugging Nodes for IP Cores                              ; Off                ; Off                ;
; Preserve fewer node names                                        ; On                 ; On                 ;
; Intel FPGA IP Evaluation Mode                                    ; Enable             ; Enable             ;
; Verilog Version                                                  ; Verilog_2001       ; Verilog_2001       ;
; VHDL Version                                                     ; VHDL_1993          ; VHDL_1993          ;
; State Machine Processing                                         ; Auto               ; Auto               ;
; Safe State Machine                                               ; Off                ; Off                ;
; Extract Verilog State Machines                                   ; On                 ; On                 ;
; Extract VHDL State Machines                                      ; On                 ; On                 ;
; Ignore Verilog initial constructs                                ; Off                ; Off                ;
; Iteration limit for constant Verilog loops                       ; 5000               ; 5000               ;
; Iteration limit for non-constant Verilog loops                   ; 250                ; 250                ;
; Add Pass-Through Logic to Inferred RAMs                          ; On                 ; On                 ;
; Infer RAMs from Raw Logic                                        ; On                 ; On                 ;
; Parallel Synthesis                                               ; On                 ; On                 ;
; DSP Block Balancing                                              ; Auto               ; Auto               ;
; NOT Gate Push-Back                                               ; On                 ; On                 ;
; Power-Up Don't Care                                              ; On                 ; On                 ;
; Remove Redundant Logic Cells                                     ; Off                ; Off                ;
; Remove Duplicate Registers                                       ; On                 ; On                 ;
; Ignore CARRY Buffers                                             ; Off                ; Off                ;
; Ignore CASCADE Buffers                                           ; Off                ; Off                ;
; Ignore GLOBAL Buffers                                            ; Off                ; Off                ;
; Ignore ROW GLOBAL Buffers                                        ; Off                ; Off                ;
; Ignore LCELL Buffers                                             ; Off                ; Off                ;
; Ignore SOFT Buffers                                              ; On                 ; On                 ;
; Limit AHDL Integers to 32 Bits                                   ; Off                ; Off                ;
; Optimization Technique                                           ; Balanced           ; Balanced           ;
; Carry Chain Length                                               ; 70                 ; 70                 ;
; Auto Carry Chains                                                ; On                 ; On                 ;
; Auto Open-Drain Pins                                             ; On                 ; On                 ;
; Perform WYSIWYG Primitive Resynthesis                            ; Off                ; Off                ;
; Auto ROM Replacement                                             ; On                 ; On                 ;
; Auto RAM Replacement                                             ; On                 ; On                 ;
; Auto DSP Block Replacement                                       ; On                 ; On                 ;
; Auto Shift Register Replacement                                  ; Auto               ; Auto               ;
; Allow Shift Register Merging across Hierarchies                  ; Auto               ; Auto               ;
; Auto Clock Enable Replacement                                    ; On                 ; On                 ;
; Strict RAM Replacement                                           ; Off                ; Off                ;
; Allow Synchronous Control Signals                                ; On                 ; On                 ;
; Force Use of Synchronous Clear Signals                           ; Off                ; Off                ;
; Auto RAM Block Balancing                                         ; On                 ; On                 ;
; Auto RAM to Logic Cell Conversion                                ; Off                ; Off                ;
; Auto Resource Sharing                                            ; Off                ; Off                ;
; Allow Any RAM Size For Recognition                               ; Off                ; Off                ;
; Allow Any ROM Size For Recognition                               ; Off                ; Off                ;
; Allow Any Shift Register Size For Recognition                    ; Off                ; Off                ;
; Use LogicLock Constraints during Resource Balancing              ; On                 ; On                 ;
; Ignore translate_off and synthesis_off directives                ; Off                ; Off                ;
; Timing-Driven Synthesis                                          ; On                 ; On                 ;
; Report Parameter Settings                                        ; On                 ; On                 ;
; Report Source Assignments                                        ; On                 ; On                 ;
; Report Connectivity Checks                                       ; On                 ; On                 ;
; Ignore Maximum Fan-Out Assignments                               ; Off                ; Off                ;
; Synchronization Register Chain Length                            ; 2                  ; 2                  ;
; Power Optimization During Synthesis                              ; Normal compilation ; Normal compilation ;
; HDL message level                                                ; Level2             ; Level2             ;
; Suppress Register Optimization Related Messages                  ; Off                ; Off                ;
; Number of Removed Registers Reported in Synthesis Report         ; 5000               ; 5000               ;
; Number of Swept Nodes Reported in Synthesis Report               ; 5000               ; 5000               ;
; Number of Inverted Registers Reported in Synthesis Report        ; 100                ; 100                ;
; Clock MUX Protection                                             ; On                 ; On                 ;
; Auto Gated Clock Conversion                                      ; Off                ; Off                ;
; Block Design Naming                                              ; Auto               ; Auto               ;
; SDC constraint protection                                        ; Off                ; Off                ;
; Synthesis Effort                                                 ; Auto               ; Auto               ;
; Shift Register Replacement - Allow Asynchronous Clear Signal     ; On                 ; On                 ;
; Pre-Mapping Resynthesis Optimization                             ; Off                ; Off                ;
; Analysis & Synthesis Message Level                               ; Medium             ; Medium             ;
; Disable Register Merging Across Hierarchies                      ; Auto               ; Auto               ;
; Resource Aware Inference For Block RAM                           ; On                 ; On                 ;
+------------------------------------------------------------------+--------------------+--------------------+


+------------------------------------------+
; Parallel Compilation                     ;
+----------------------------+-------------+
; Processors                 ; Number      ;
+----------------------------+-------------+
; Number detected on machine ; 8           ;
; Maximum allowed            ; 4           ;
;                            ;             ;
; Average used               ; 1.00        ;
; Maximum used               ; 4           ;
;                            ;             ;
; Usage by Processor         ; % Time Used ;
;     Processor 1            ; 100.0%      ;
;     Processors 2-4         ;   0.0%      ;
+----------------------------+-------------+


+----------------------------------------------------------------------------------------------------------------------------------------------------------------------+
; Analysis & Synthesis Source Files Read                                                                                                                               ;
+----------------------------------+-----------------+------------------------------+------------------------------------------------------------------------+---------+
; File Name with User-Entered Path ; Used in Netlist ; File Type                    ; File Name with Absolute Path                                           ; Library ;
+----------------------------------+-----------------+------------------------------+------------------------------------------------------------------------+---------+
; ../rtl/top.v                     ; yes             ; User Verilog HDL File        ; E:/code/FPGACode/seg_led_dynamic/rtl/top.v                             ;         ;
; ../rtl/time_count.v              ; yes             ; User Verilog HDL File        ; E:/code/FPGACode/seg_led_dynamic/rtl/time_count.v                      ;         ;
; ../rtl/seg_led_dynamic.v         ; yes             ; User Verilog HDL File        ; E:/code/FPGACode/seg_led_dynamic/rtl/seg_led_dynamic.v                 ;         ;
; lpm_divide.tdf                   ; yes             ; Megafunction                 ; d:/intelfpga/18.1a/quartus/libraries/megafunctions/lpm_divide.tdf      ;         ;
; abs_divider.inc                  ; yes             ; Megafunction                 ; d:/intelfpga/18.1a/quartus/libraries/megafunctions/abs_divider.inc     ;         ;
; sign_div_unsign.inc              ; yes             ; Megafunction                 ; d:/intelfpga/18.1a/quartus/libraries/megafunctions/sign_div_unsign.inc ;         ;
; aglobal181.inc                   ; yes             ; Megafunction                 ; d:/intelfpga/18.1a/quartus/libraries/megafunctions/aglobal181.inc      ;         ;
; db/lpm_divide_k9m.tdf            ; yes             ; Auto-Generated Megafunction  ; E:/code/FPGACode/seg_led_dynamic/prj/db/lpm_divide_k9m.tdf             ;         ;
; db/sign_div_unsign_9kh.tdf       ; yes             ; Auto-Generated Megafunction  ; E:/code/FPGACode/seg_led_dynamic/prj/db/sign_div_unsign_9kh.tdf        ;         ;
; db/alt_u_div_64f.tdf             ; yes             ; Auto-Generated Megafunction  ; E:/code/FPGACode/seg_led_dynamic/prj/db/alt_u_div_64f.tdf              ;         ;
; db/add_sub_7pc.tdf               ; yes             ; Auto-Generated Megafunction  ; E:/code/FPGACode/seg_led_dynamic/prj/db/add_sub_7pc.tdf                ;         ;
; db/add_sub_8pc.tdf               ; yes             ; Auto-Generated Megafunction  ; E:/code/FPGACode/seg_led_dynamic/prj/db/add_sub_8pc.tdf                ;         ;
; db/lpm_divide_hhm.tdf            ; yes             ; Auto-Generated Megafunction  ; E:/code/FPGACode/seg_led_dynamic/prj/db/lpm_divide_hhm.tdf             ;         ;
; db/lpm_divide_j9m.tdf            ; yes             ; Auto-Generated Megafunction  ; E:/code/FPGACode/seg_led_dynamic/prj/db/lpm_divide_j9m.tdf             ;         ;
; db/sign_div_unsign_8kh.tdf       ; yes             ; Auto-Generated Megafunction  ; E:/code/FPGACode/seg_led_dynamic/prj/db/sign_div_unsign_8kh.tdf        ;         ;
; db/alt_u_div_44f.tdf             ; yes             ; Auto-Generated Megafunction  ; E:/code/FPGACode/seg_led_dynamic/prj/db/alt_u_div_44f.tdf              ;         ;
; db/lpm_divide_ghm.tdf            ; yes             ; Auto-Generated Megafunction  ; E:/code/FPGACode/seg_led_dynamic/prj/db/lpm_divide_ghm.tdf             ;         ;
+----------------------------------+-----------------+------------------------------+------------------------------------------------------------------------+---------+


+---------------------------------------------------------+
; Analysis & Synthesis Resource Usage Summary             ;
+---------------------------------------------+-----------+
; Resource                                    ; Usage     ;
+---------------------------------------------+-----------+
; Estimated Total logic elements              ; 313       ;
;                                             ;           ;
; Total combinational functions               ; 309       ;
; Logic element usage by number of LUT inputs ;           ;
;     -- 4 input functions                    ; 68        ;
;     -- 3 input functions                    ; 52        ;
;     -- <=2 input functions                  ; 189       ;
;                                             ;           ;
; Logic elements by mode                      ;           ;
;     -- normal mode                          ; 204       ;
;     -- arithmetic mode                      ; 105       ;
;                                             ;           ;
; Total registers                             ; 70        ;
;     -- Dedicated logic registers            ; 70        ;
;     -- I/O registers                        ; 0         ;
;                                             ;           ;
; I/O pins                                    ; 16        ;
;                                             ;           ;
; Embedded Multiplier 9-bit elements          ; 0         ;
;                                             ;           ;
; Maximum fan-out node                        ; clk~input ;
; Maximum fan-out                             ; 70        ;
; Total fan-out                               ; 1030      ;
; Average fan-out                             ; 2.51      ;
+---------------------------------------------+-----------+


+----------------------------------------------------------------------------------------------------------------------------------------------------------------------------------------------------------------------------------------------------------------------------------------------------------------------------------------------------+
; Analysis & Synthesis Resource Utilization by Entity                                                                                                                                                                                                                                                                                                ;
+-------------------------------------------+---------------------+---------------------------+-------------+--------------+---------+-----------+------+--------------+----------------------------------------------------------------------------------------------------------------------------------------+---------------------+--------------+
; Compilation Hierarchy Node                ; Combinational ALUTs ; Dedicated Logic Registers ; Memory Bits ; DSP Elements ; DSP 9x9 ; DSP 18x18 ; Pins ; Virtual Pins ; Full Hierarchy Name                                                                                                                    ; Entity Name         ; Library Name ;
+-------------------------------------------+---------------------+---------------------------+-------------+--------------+---------+-----------+------+--------------+----------------------------------------------------------------------------------------------------------------------------------------+---------------------+--------------+
; |top                                      ; 309 (0)             ; 70 (0)                    ; 0           ; 0            ; 0       ; 0         ; 16   ; 0            ; |top                                                                                                                                   ; top                 ; work         ;
;    |seg_led_dynamic:u_seg_led_dynamic|    ; 231 (76)            ; 29 (29)                   ; 0           ; 0            ; 0       ; 0         ; 0    ; 0            ; |top|seg_led_dynamic:u_seg_led_dynamic                                                                                                 ; seg_led_dynamic     ; work         ;
;       |lpm_divide:Div0|                   ; 30 (0)              ; 0 (0)                     ; 0           ; 0            ; 0       ; 0         ; 0    ; 0            ; |top|seg_led_dynamic:u_seg_led_dynamic|lpm_divide:Div0                                                                                 ; lpm_divide          ; work         ;
;          |lpm_divide_hhm:auto_generated|  ; 30 (0)              ; 0 (0)                     ; 0           ; 0            ; 0       ; 0         ; 0    ; 0            ; |top|seg_led_dynamic:u_seg_led_dynamic|lpm_divide:Div0|lpm_divide_hhm:auto_generated                                                   ; lpm_divide_hhm      ; work         ;
;             |sign_div_unsign_9kh:divider| ; 30 (0)              ; 0 (0)                     ; 0           ; 0            ; 0       ; 0         ; 0    ; 0            ; |top|seg_led_dynamic:u_seg_led_dynamic|lpm_divide:Div0|lpm_divide_hhm:auto_generated|sign_div_unsign_9kh:divider                       ; sign_div_unsign_9kh ; work         ;
;                |alt_u_div_64f:divider|    ; 30 (30)             ; 0 (0)                     ; 0           ; 0            ; 0       ; 0         ; 0    ; 0            ; |top|seg_led_dynamic:u_seg_led_dynamic|lpm_divide:Div0|lpm_divide_hhm:auto_generated|sign_div_unsign_9kh:divider|alt_u_div_64f:divider ; alt_u_div_64f       ; work         ;
;       |lpm_divide:Div1|                   ; 30 (0)              ; 0 (0)                     ; 0           ; 0            ; 0       ; 0         ; 0    ; 0            ; |top|seg_led_dynamic:u_seg_led_dynamic|lpm_divide:Div1                                                                                 ; lpm_divide          ; work         ;
;          |lpm_divide_hhm:auto_generated|  ; 30 (0)              ; 0 (0)                     ; 0           ; 0            ; 0       ; 0         ; 0    ; 0            ; |top|seg_led_dynamic:u_seg_led_dynamic|lpm_divide:Div1|lpm_divide_hhm:auto_generated                                                   ; lpm_divide_hhm      ; work         ;
;             |sign_div_unsign_9kh:divider| ; 30 (0)              ; 0 (0)                     ; 0           ; 0            ; 0       ; 0         ; 0    ; 0            ; |top|seg_led_dynamic:u_seg_led_dynamic|lpm_divide:Div1|lpm_divide_hhm:auto_generated|sign_div_unsign_9kh:divider                       ; sign_div_unsign_9kh ; work         ;
;                |alt_u_div_64f:divider|    ; 30 (30)             ; 0 (0)                     ; 0           ; 0            ; 0       ; 0         ; 0    ; 0            ; |top|seg_led_dynamic:u_seg_led_dynamic|lpm_divide:Div1|lpm_divide_hhm:auto_generated|sign_div_unsign_9kh:divider|alt_u_div_64f:divider ; alt_u_div_64f       ; work         ;
;       |lpm_divide:Div2|                   ; 17 (0)              ; 0 (0)                     ; 0           ; 0            ; 0       ; 0         ; 0    ; 0            ; |top|seg_led_dynamic:u_seg_led_dynamic|lpm_divide:Div2                                                                                 ; lpm_divide          ; work         ;
;          |lpm_divide_ghm:auto_generated|  ; 17 (0)              ; 0 (0)                     ; 0           ; 0            ; 0       ; 0         ; 0    ; 0            ; |top|seg_led_dynamic:u_seg_led_dynamic|lpm_divide:Div2|lpm_divide_ghm:auto_generated                                                   ; lpm_divide_ghm      ; work         ;
;             |sign_div_unsign_8kh:divider| ; 17 (0)              ; 0 (0)                     ; 0           ; 0            ; 0       ; 0         ; 0    ; 0            ; |top|seg_led_dynamic:u_seg_led_dynamic|lpm_divide:Div2|lpm_divide_ghm:auto_generated|sign_div_unsign_8kh:divider                       ; sign_div_unsign_8kh ; work         ;
;                |alt_u_div_44f:divider|    ; 17 (17)             ; 0 (0)                     ; 0           ; 0            ; 0       ; 0         ; 0    ; 0            ; |top|seg_led_dynamic:u_seg_led_dynamic|lpm_divide:Div2|lpm_divide_ghm:auto_generated|sign_div_unsign_8kh:divider|alt_u_div_44f:divider ; alt_u_div_44f       ; work         ;
;       |lpm_divide:Mod0|                   ; 30 (0)              ; 0 (0)                     ; 0           ; 0            ; 0       ; 0         ; 0    ; 0            ; |top|seg_led_dynamic:u_seg_led_dynamic|lpm_divide:Mod0                                                                                 ; lpm_divide          ; work         ;
;          |lpm_divide_k9m:auto_generated|  ; 30 (0)              ; 0 (0)                     ; 0           ; 0            ; 0       ; 0         ; 0    ; 0            ; |top|seg_led_dynamic:u_seg_led_dynamic|lpm_divide:Mod0|lpm_divide_k9m:auto_generated                                                   ; lpm_divide_k9m      ; work         ;
;             |sign_div_unsign_9kh:divider| ; 30 (0)              ; 0 (0)                     ; 0           ; 0            ; 0       ; 0         ; 0    ; 0            ; |top|seg_led_dynamic:u_seg_led_dynamic|lpm_divide:Mod0|lpm_divide_k9m:auto_generated|sign_div_unsign_9kh:divider                       ; sign_div_unsign_9kh ; work         ;
;                |alt_u_div_64f:divider|    ; 30 (30)             ; 0 (0)                     ; 0           ; 0            ; 0       ; 0         ; 0    ; 0            ; |top|seg_led_dynamic:u_seg_led_dynamic|lpm_divide:Mod0|lpm_divide_k9m:auto_generated|sign_div_unsign_9kh:divider|alt_u_div_64f:divider ; alt_u_div_64f       ; work         ;
;       |lpm_divide:Mod1|                   ; 31 (0)              ; 0 (0)                     ; 0           ; 0            ; 0       ; 0         ; 0    ; 0            ; |top|seg_led_dynamic:u_seg_led_dynamic|lpm_divide:Mod1                                                                                 ; lpm_divide          ; work         ;
;          |lpm_divide_k9m:auto_generated|  ; 31 (0)              ; 0 (0)                     ; 0           ; 0            ; 0       ; 0         ; 0    ; 0            ; |top|seg_led_dynamic:u_seg_led_dynamic|lpm_divide:Mod1|lpm_divide_k9m:auto_generated                                                   ; lpm_divide_k9m      ; work         ;
;             |sign_div_unsign_9kh:divider| ; 31 (0)              ; 0 (0)                     ; 0           ; 0            ; 0       ; 0         ; 0    ; 0            ; |top|seg_led_dynamic:u_seg_led_dynamic|lpm_divide:Mod1|lpm_divide_k9m:auto_generated|sign_div_unsign_9kh:divider                       ; sign_div_unsign_9kh ; work         ;
;                |alt_u_div_64f:divider|    ; 31 (31)             ; 0 (0)                     ; 0           ; 0            ; 0       ; 0         ; 0    ; 0            ; |top|seg_led_dynamic:u_seg_led_dynamic|lpm_divide:Mod1|lpm_divide_k9m:auto_generated|sign_div_unsign_9kh:divider|alt_u_div_64f:divider ; alt_u_div_64f       ; work         ;
;       |lpm_divide:Mod2|                   ; 17 (0)              ; 0 (0)                     ; 0           ; 0            ; 0       ; 0         ; 0    ; 0            ; |top|seg_led_dynamic:u_seg_led_dynamic|lpm_divide:Mod2                                                                                 ; lpm_divide          ; work         ;
;          |lpm_divide_j9m:auto_generated|  ; 17 (0)              ; 0 (0)                     ; 0           ; 0            ; 0       ; 0         ; 0    ; 0            ; |top|seg_led_dynamic:u_seg_led_dynamic|lpm_divide:Mod2|lpm_divide_j9m:auto_generated                                                   ; lpm_divide_j9m      ; work         ;
;             |sign_div_unsign_8kh:divider| ; 17 (0)              ; 0 (0)                     ; 0           ; 0            ; 0       ; 0         ; 0    ; 0            ; |top|seg_led_dynamic:u_seg_led_dynamic|lpm_divide:Mod2|lpm_divide_j9m:auto_generated|sign_div_unsign_8kh:divider                       ; sign_div_unsign_8kh ; work         ;
;                |alt_u_div_44f:divider|    ; 17 (17)             ; 0 (0)                     ; 0           ; 0            ; 0       ; 0         ; 0    ; 0            ; |top|seg_led_dynamic:u_seg_led_dynamic|lpm_divide:Mod2|lpm_divide_j9m:auto_generated|sign_div_unsign_8kh:divider|alt_u_div_44f:divider ; alt_u_div_44f       ; work         ;
;    |time_count:u_time_count|              ; 78 (78)             ; 41 (41)                   ; 0           ; 0            ; 0       ; 0         ; 0    ; 0            ; |top|time_count:u_time_count                                                                                                           ; time_count          ; work         ;
+-------------------------------------------+---------------------+---------------------------+-------------+--------------+---------+-----------+------+--------------+----------------------------------------------------------------------------------------------------------------------------------------+---------------------+--------------+
Note: For table entries with two numbers listed, the numbers in parentheses indicate the number of resources of the given type used by the specific entity alone. The numbers listed outside of parentheses indicate the total resources of the given type used by the specific entity and all of its sub-entities in the hierarchy.


+----------------------------------------------------------------------------------------------+
; Registers Removed During Synthesis                                                           ;
+---------------------------------------+------------------------------------------------------+
; Register name                         ; Reason for Removal                                   ;
+---------------------------------------+------------------------------------------------------+
; time_count:u_time_count|cnt[0]        ; Merged with seg_led_dynamic:u_seg_led_dynamic|cnt[0] ;
; time_count:u_time_count|cnt[1]        ; Merged with seg_led_dynamic:u_seg_led_dynamic|cnt[1] ;
; Total Number of Removed Registers = 2 ;                                                      ;
+---------------------------------------+------------------------------------------------------+


+------------------------------------------------------+
; General Register Statistics                          ;
+----------------------------------------------+-------+
; Statistic                                    ; Value ;
+----------------------------------------------+-------+
; Total registers                              ; 70    ;
; Number of registers using Synchronous Clear  ; 0     ;
; Number of registers using Synchronous Load   ; 0     ;
; Number of registers using Asynchronous Clear ; 70    ;
; Number of registers using Asynchronous Load  ; 0     ;
; Number of registers using Clock Enable       ; 23    ;
; Number of registers using Preset             ; 0     ;
+----------------------------------------------+-------+


+-----------------------------------------------------+
; Inverted Register Statistics                        ;
+-------------------------------------------+---------+
; Inverted Register                         ; Fan out ;
+-------------------------------------------+---------+
; seg_led_dynamic:u_seg_led_dynamic|sel[0]  ; 16      ;
; seg_led_dynamic:u_seg_led_dynamic|sel[1]  ; 15      ;
; seg_led_dynamic:u_seg_led_dynamic|sel[2]  ; 12      ;
; seg_led_dynamic:u_seg_led_dynamic|sel[3]  ; 14      ;
; seg_led_dynamic:u_seg_led_dynamic|sel[4]  ; 12      ;
; seg_led_dynamic:u_seg_led_dynamic|dig[0]  ; 1       ;
; seg_led_dynamic:u_seg_led_dynamic|dig[1]  ; 1       ;
; seg_led_dynamic:u_seg_led_dynamic|dig[2]  ; 1       ;
; seg_led_dynamic:u_seg_led_dynamic|dig[3]  ; 1       ;
; seg_led_dynamic:u_seg_led_dynamic|dig[4]  ; 1       ;
; seg_led_dynamic:u_seg_led_dynamic|dig[5]  ; 1       ;
; seg_led_dynamic:u_seg_led_dynamic|dig[6]  ; 1       ;
; seg_led_dynamic:u_seg_led_dynamic|dig[7]  ; 1       ;
; seg_led_dynamic:u_seg_led_dynamic|data[0] ; 7       ;
; seg_led_dynamic:u_seg_led_dynamic|data[1] ; 8       ;
; seg_led_dynamic:u_seg_led_dynamic|data[2] ; 8       ;
; seg_led_dynamic:u_seg_led_dynamic|data[3] ; 8       ;
; seg_led_dynamic:u_seg_led_dynamic|dot     ; 1       ;
; Total number of inverted registers = 18   ;         ;
+-------------------------------------------+---------+


+--------------------------------------------------------------------------------------------------------------------------------------------------------------+
; Multiplexer Restructuring Statistics (Restructuring Performed)                                                                                               ;
+--------------------+-----------+---------------+----------------------+------------------------+------------+------------------------------------------------+
; Multiplexer Inputs ; Bus Width ; Baseline Area ; Area if Restructured ; Saving if Restructured ; Registered ; Example Multiplexer Output                     ;
+--------------------+-----------+---------------+----------------------+------------------------+------------+------------------------------------------------+
; 64:1               ; 2 bits    ; 84 LEs        ; 14 LEs               ; 70 LEs                 ; Yes        ; |top|seg_led_dynamic:u_seg_led_dynamic|data[0] ;
+--------------------+-----------+---------------+----------------------+------------------------+------------+------------------------------------------------+


+---------------------------------------------------------------------+
; Parameter Settings for User Entity Instance: Top-level Entity: |top ;
+----------------+----------+-----------------------------------------+
; Parameter Name ; Value    ; Type                                    ;
+----------------+----------+-----------------------------------------+
; TIME_20US      ; 1000     ; Signed Integer                          ;
; TIME_1S        ; 50000000 ; Signed Integer                          ;
+----------------+----------+-----------------------------------------+
Note: In order to hide this table in the UI and the text report file, please set the "Show Parameter Settings in Synthesis Report" option in "Analysis and Synthesis Settings -> More Settings" to "Off".


+--------------------------------------------------------------------------------+
; Parameter Settings for User Entity Instance: seg_led_dynamic:u_seg_led_dynamic ;
+----------------+-------+-------------------------------------------------------+
; Parameter Name ; Value ; Type                                                  ;
+----------------+-------+-------------------------------------------------------+
; TIME_20US      ; 1000  ; Signed Integer                                        ;
+----------------+-------+-------------------------------------------------------+
Note: In order to hide this table in the UI and the text report file, please set the "Show Parameter Settings in Synthesis Report" option in "Analysis and Synthesis Settings -> More Settings" to "Off".


+----------------------------------------------------------------------+
; Parameter Settings for User Entity Instance: time_count:u_time_count ;
+----------------+----------+------------------------------------------+
; Parameter Name ; Value    ; Type                                     ;
+----------------+----------+------------------------------------------+
; TIME_1S        ; 50000000 ; Signed Integer                           ;
+----------------+----------+------------------------------------------+
Note: In order to hide this table in the UI and the text report file, please set the "Show Parameter Settings in Synthesis Report" option in "Analysis and Synthesis Settings -> More Settings" to "Off".


+----------------------------------------------------------------------------------------------------+
; Parameter Settings for Inferred Entity Instance: seg_led_dynamic:u_seg_led_dynamic|lpm_divide:Mod0 ;
+------------------------+----------------+----------------------------------------------------------+
; Parameter Name         ; Value          ; Type                                                     ;
+------------------------+----------------+----------------------------------------------------------+
; LPM_WIDTHN             ; 6              ; Untyped                                                  ;
; LPM_WIDTHD             ; 4              ; Untyped                                                  ;
; LPM_NREPRESENTATION    ; UNSIGNED       ; Untyped                                                  ;
; LPM_DREPRESENTATION    ; UNSIGNED       ; Untyped                                                  ;
; LPM_PIPELINE           ; 0              ; Untyped                                                  ;
; LPM_REMAINDERPOSITIVE  ; TRUE           ; Untyped                                                  ;
; MAXIMIZE_SPEED         ; 5              ; Untyped                                                  ;
; CBXI_PARAMETER         ; lpm_divide_k9m ; Untyped                                                  ;
; CARRY_CHAIN            ; MANUAL         ; Untyped                                                  ;
; OPTIMIZE_FOR_SPEED     ; 5              ; Untyped                                                  ;
; AUTO_CARRY_CHAINS      ; ON             ; AUTO_CARRY                                               ;
; IGNORE_CARRY_BUFFERS   ; OFF            ; IGNORE_CARRY                                             ;
; AUTO_CASCADE_CHAINS    ; ON             ; AUTO_CASCADE                                             ;
; IGNORE_CASCADE_BUFFERS ; OFF            ; IGNORE_CASCADE                                           ;
+------------------------+----------------+----------------------------------------------------------+
Note: In order to hide this table in the UI and the text report file, please set the "Show Parameter Settings in Synthesis Report" option in "Analysis and Synthesis Settings -> More Settings" to "Off".


+----------------------------------------------------------------------------------------------------+
; Parameter Settings for Inferred Entity Instance: seg_led_dynamic:u_seg_led_dynamic|lpm_divide:Div0 ;
+------------------------+----------------+----------------------------------------------------------+
; Parameter Name         ; Value          ; Type                                                     ;
+------------------------+----------------+----------------------------------------------------------+
; LPM_WIDTHN             ; 6              ; Untyped                                                  ;
; LPM_WIDTHD             ; 4              ; Untyped                                                  ;
; LPM_NREPRESENTATION    ; UNSIGNED       ; Untyped                                                  ;
; LPM_DREPRESENTATION    ; UNSIGNED       ; Untyped                                                  ;
; LPM_PIPELINE           ; 0              ; Untyped                                                  ;
; LPM_REMAINDERPOSITIVE  ; TRUE           ; Untyped                                                  ;
; MAXIMIZE_SPEED         ; 5              ; Untyped                                                  ;
; CBXI_PARAMETER         ; lpm_divide_hhm ; Untyped                                                  ;
; CARRY_CHAIN            ; MANUAL         ; Untyped                                                  ;
; OPTIMIZE_FOR_SPEED     ; 5              ; Untyped                                                  ;
; AUTO_CARRY_CHAINS      ; ON             ; AUTO_CARRY                                               ;
; IGNORE_CARRY_BUFFERS   ; OFF            ; IGNORE_CARRY                                             ;
; AUTO_CASCADE_CHAINS    ; ON             ; AUTO_CASCADE                                             ;
; IGNORE_CASCADE_BUFFERS ; OFF            ; IGNORE_CASCADE                                           ;
+------------------------+----------------+----------------------------------------------------------+
Note: In order to hide this table in the UI and the text report file, please set the "Show Parameter Settings in Synthesis Report" option in "Analysis and Synthesis Settings -> More Settings" to "Off".


+----------------------------------------------------------------------------------------------------+
; Parameter Settings for Inferred Entity Instance: seg_led_dynamic:u_seg_led_dynamic|lpm_divide:Mod2 ;
+------------------------+----------------+----------------------------------------------------------+
; Parameter Name         ; Value          ; Type                                                     ;
+------------------------+----------------+----------------------------------------------------------+
; LPM_WIDTHN             ; 5              ; Untyped                                                  ;
; LPM_WIDTHD             ; 4              ; Untyped                                                  ;
; LPM_NREPRESENTATION    ; UNSIGNED       ; Untyped                                                  ;
; LPM_DREPRESENTATION    ; UNSIGNED       ; Untyped                                                  ;
; LPM_PIPELINE           ; 0              ; Untyped                                                  ;
; LPM_REMAINDERPOSITIVE  ; TRUE           ; Untyped                                                  ;
; MAXIMIZE_SPEED         ; 5              ; Untyped                                                  ;
; CBXI_PARAMETER         ; lpm_divide_j9m ; Untyped                                                  ;
; CARRY_CHAIN            ; MANUAL         ; Untyped                                                  ;
; OPTIMIZE_FOR_SPEED     ; 5              ; Untyped                                                  ;
; AUTO_CARRY_CHAINS      ; ON             ; AUTO_CARRY                                               ;
; IGNORE_CARRY_BUFFERS   ; OFF            ; IGNORE_CARRY                                             ;
; AUTO_CASCADE_CHAINS    ; ON             ; AUTO_CASCADE                                             ;
; IGNORE_CASCADE_BUFFERS ; OFF            ; IGNORE_CASCADE                                           ;
+------------------------+----------------+----------------------------------------------------------+
Note: In order to hide this table in the UI and the text report file, please set the "Show Parameter Settings in Synthesis Report" option in "Analysis and Synthesis Settings -> More Settings" to "Off".


+----------------------------------------------------------------------------------------------------+
; Parameter Settings for Inferred Entity Instance: seg_led_dynamic:u_seg_led_dynamic|lpm_divide:Div2 ;
+------------------------+----------------+----------------------------------------------------------+
; Parameter Name         ; Value          ; Type                                                     ;
+------------------------+----------------+----------------------------------------------------------+
; LPM_WIDTHN             ; 5              ; Untyped                                                  ;
; LPM_WIDTHD             ; 4              ; Untyped                                                  ;
; LPM_NREPRESENTATION    ; UNSIGNED       ; Untyped                                                  ;
; LPM_DREPRESENTATION    ; UNSIGNED       ; Untyped                                                  ;
; LPM_PIPELINE           ; 0              ; Untyped                                                  ;
; LPM_REMAINDERPOSITIVE  ; TRUE           ; Untyped                                                  ;
; MAXIMIZE_SPEED         ; 5              ; Untyped                                                  ;
; CBXI_PARAMETER         ; lpm_divide_ghm ; Untyped                                                  ;
; CARRY_CHAIN            ; MANUAL         ; Untyped                                                  ;
; OPTIMIZE_FOR_SPEED     ; 5              ; Untyped                                                  ;
; AUTO_CARRY_CHAINS      ; ON             ; AUTO_CARRY                                               ;
; IGNORE_CARRY_BUFFERS   ; OFF            ; IGNORE_CARRY                                             ;
; AUTO_CASCADE_CHAINS    ; ON             ; AUTO_CASCADE                                             ;
; IGNORE_CASCADE_BUFFERS ; OFF            ; IGNORE_CASCADE                                           ;
+------------------------+----------------+----------------------------------------------------------+
Note: In order to hide this table in the UI and the text report file, please set the "Show Parameter Settings in Synthesis Report" option in "Analysis and Synthesis Settings -> More Settings" to "Off".


+----------------------------------------------------------------------------------------------------+
; Parameter Settings for Inferred Entity Instance: seg_led_dynamic:u_seg_led_dynamic|lpm_divide:Mod1 ;
+------------------------+----------------+----------------------------------------------------------+
; Parameter Name         ; Value          ; Type                                                     ;
+------------------------+----------------+----------------------------------------------------------+
; LPM_WIDTHN             ; 6              ; Untyped                                                  ;
; LPM_WIDTHD             ; 4              ; Untyped                                                  ;
; LPM_NREPRESENTATION    ; UNSIGNED       ; Untyped                                                  ;
; LPM_DREPRESENTATION    ; UNSIGNED       ; Untyped                                                  ;
; LPM_PIPELINE           ; 0              ; Untyped                                                  ;
; LPM_REMAINDERPOSITIVE  ; TRUE           ; Untyped                                                  ;
; MAXIMIZE_SPEED         ; 5              ; Untyped                                                  ;
; CBXI_PARAMETER         ; lpm_divide_k9m ; Untyped                                                  ;
; CARRY_CHAIN            ; MANUAL         ; Untyped                                                  ;
; OPTIMIZE_FOR_SPEED     ; 5              ; Untyped                                                  ;
; AUTO_CARRY_CHAINS      ; ON             ; AUTO_CARRY                                               ;
; IGNORE_CARRY_BUFFERS   ; OFF            ; IGNORE_CARRY                                             ;
; AUTO_CASCADE_CHAINS    ; ON             ; AUTO_CASCADE                                             ;
; IGNORE_CASCADE_BUFFERS ; OFF            ; IGNORE_CASCADE                                           ;
+------------------------+----------------+----------------------------------------------------------+
Note: In order to hide this table in the UI and the text report file, please set the "Show Parameter Settings in Synthesis Report" option in "Analysis and Synthesis Settings -> More Settings" to "Off".


+----------------------------------------------------------------------------------------------------+
; Parameter Settings for Inferred Entity Instance: seg_led_dynamic:u_seg_led_dynamic|lpm_divide:Div1 ;
+------------------------+----------------+----------------------------------------------------------+
; Parameter Name         ; Value          ; Type                                                     ;
+------------------------+----------------+----------------------------------------------------------+
; LPM_WIDTHN             ; 6              ; Untyped                                                  ;
; LPM_WIDTHD             ; 4              ; Untyped                                                  ;
; LPM_NREPRESENTATION    ; UNSIGNED       ; Untyped                                                  ;
; LPM_DREPRESENTATION    ; UNSIGNED       ; Untyped                                                  ;
; LPM_PIPELINE           ; 0              ; Untyped                                                  ;
; LPM_REMAINDERPOSITIVE  ; TRUE           ; Untyped                                                  ;
; MAXIMIZE_SPEED         ; 5              ; Untyped                                                  ;
; CBXI_PARAMETER         ; lpm_divide_hhm ; Untyped                                                  ;
; CARRY_CHAIN            ; MANUAL         ; Untyped                                                  ;
; OPTIMIZE_FOR_SPEED     ; 5              ; Untyped                                                  ;
; AUTO_CARRY_CHAINS      ; ON             ; AUTO_CARRY                                               ;
; IGNORE_CARRY_BUFFERS   ; OFF            ; IGNORE_CARRY                                             ;
; AUTO_CASCADE_CHAINS    ; ON             ; AUTO_CASCADE                                             ;
; IGNORE_CASCADE_BUFFERS ; OFF            ; IGNORE_CASCADE                                           ;
+------------------------+----------------+----------------------------------------------------------+
Note: In order to hide this table in the UI and the text report file, please set the "Show Parameter Settings in Synthesis Report" option in "Analysis and Synthesis Settings -> More Settings" to "Off".


+-----------------------------------------------------+
; Post-Synthesis Netlist Statistics for Top Partition ;
+-----------------------+-----------------------------+
; Type                  ; Count                       ;
+-----------------------+-----------------------------+
; boundary_port         ; 16                          ;
; cycloneiii_ff         ; 70                          ;
;     CLR               ; 47                          ;
;     ENA CLR           ; 23                          ;
; cycloneiii_lcell_comb ; 322                         ;
;     arith             ; 105                         ;
;         2 data inputs ; 64                          ;
;         3 data inputs ; 41                          ;
;     normal            ; 217                         ;
;         0 data inputs ; 16                          ;
;         1 data inputs ; 20                          ;
;         2 data inputs ; 102                         ;
;         3 data inputs ; 11                          ;
;         4 data inputs ; 68                          ;
;                       ;                             ;
; Max LUT depth         ; 10.10                       ;
; Average LUT depth     ; 6.15                        ;
+-----------------------+-----------------------------+


+-------------------------------+
; Elapsed Time Per Partition    ;
+----------------+--------------+
; Partition Name ; Elapsed Time ;
+----------------+--------------+
; Top            ; 00:00:01     ;
+----------------+--------------+


+-------------------------------+
; Analysis & Synthesis Messages ;
+-------------------------------+
Info: *******************************************************************
Info: Running Quartus Prime Analysis & Synthesis
    Info: Version 18.1.0 Build 625 09/12/2018 SJ Standard Edition
    Info: Processing started: Thu Sep 07 10:45:55 2023
Info: Command: quartus_map --read_settings_files=on --write_settings_files=off seg_led_dynamic -c seg_led_dynamic
Warning (18236): Number of processors has not been specified which may cause overloading on shared machines.  Set the global assignment NUM_PARALLEL_PROCESSORS in your QSF to an appropriate value for best performance.
Info (20030): Parallel compilation is enabled and will use 4 of the 4 processors detected
Info (12021): Found 1 design units, including 1 entities, in source file /code/fpgacode/seg_led_dynamic/tb/top_tb.v
    Info (12023): Found entity 1: top_tb File: E:/code/FPGACode/seg_led_dynamic/tb/top_tb.v Line: 2
Info (12021): Found 1 design units, including 1 entities, in source file /code/fpgacode/seg_led_dynamic/rtl/top.v
    Info (12023): Found entity 1: top File: E:/code/FPGACode/seg_led_dynamic/rtl/top.v Line: 1
Info (12021): Found 1 design units, including 1 entities, in source file /code/fpgacode/seg_led_dynamic/rtl/time_count.v
    Info (12023): Found entity 1: time_count File: E:/code/FPGACode/seg_led_dynamic/rtl/time_count.v Line: 1
Info (12021): Found 1 design units, including 1 entities, in source file /code/fpgacode/seg_led_dynamic/rtl/seg_led_dynamic.v
    Info (12023): Found entity 1: seg_led_dynamic File: E:/code/FPGACode/seg_led_dynamic/rtl/seg_led_dynamic.v Line: 1
Warning (10222): Verilog HDL Parameter Declaration warning at seg_led_dynamic.v(19): Parameter Declaration in module "seg_led_dynamic" behaves as a Local Parameter Declaration because the module has a Module Parameter Port List File: E:/code/FPGACode/seg_led_dynamic/rtl/seg_led_dynamic.v Line: 19
Info (12127): Elaborating entity "top" for the top level hierarchy
Info (12128): Elaborating entity "seg_led_dynamic" for hierarchy "seg_led_dynamic:u_seg_led_dynamic" File: E:/code/FPGACode/seg_led_dynamic/rtl/top.v Line: 20
Warning (10230): Verilog HDL assignment warning at seg_led_dynamic.v(35): truncated value with size 32 to match size of target (4) File: E:/code/FPGACode/seg_led_dynamic/rtl/seg_led_dynamic.v Line: 35
Warning (10230): Verilog HDL assignment warning at seg_led_dynamic.v(36): truncated value with size 32 to match size of target (3) File: E:/code/FPGACode/seg_led_dynamic/rtl/seg_led_dynamic.v Line: 36
Warning (10230): Verilog HDL assignment warning at seg_led_dynamic.v(37): truncated value with size 32 to match size of target (4) File: E:/code/FPGACode/seg_led_dynamic/rtl/seg_led_dynamic.v Line: 37
Warning (10230): Verilog HDL assignment warning at seg_led_dynamic.v(38): truncated value with size 32 to match size of target (3) File: E:/code/FPGACode/seg_led_dynamic/rtl/seg_led_dynamic.v Line: 38
Warning (10230): Verilog HDL assignment warning at seg_led_dynamic.v(39): truncated value with size 32 to match size of target (4) File: E:/code/FPGACode/seg_led_dynamic/rtl/seg_led_dynamic.v Line: 39
Warning (10230): Verilog HDL assignment warning at seg_led_dynamic.v(40): truncated value with size 32 to match size of target (2) File: E:/code/FPGACode/seg_led_dynamic/rtl/seg_led_dynamic.v Line: 40
Info (12128): Elaborating entity "time_count" for hierarchy "time_count:u_time_count" File: E:/code/FPGACode/seg_led_dynamic/rtl/top.v Line: 28
Info (278001): Inferred 6 megafunctions from design logic
    Info (278004): Inferred divider/modulo megafunction ("lpm_divide") from the following logic: "seg_led_dynamic:u_seg_led_dynamic|Mod0" File: E:/code/FPGACode/seg_led_dynamic/rtl/seg_led_dynamic.v Line: 35
    Info (278004): Inferred divider/modulo megafunction ("lpm_divide") from the following logic: "seg_led_dynamic:u_seg_led_dynamic|Div0" File: E:/code/FPGACode/seg_led_dynamic/rtl/seg_led_dynamic.v Line: 36
    Info (278004): Inferred divider/modulo megafunction ("lpm_divide") from the following logic: "seg_led_dynamic:u_seg_led_dynamic|Mod2" File: E:/code/FPGACode/seg_led_dynamic/rtl/seg_led_dynamic.v Line: 39
    Info (278004): Inferred divider/modulo megafunction ("lpm_divide") from the following logic: "seg_led_dynamic:u_seg_led_dynamic|Div2" File: E:/code/FPGACode/seg_led_dynamic/rtl/seg_led_dynamic.v Line: 40
    Info (278004): Inferred divider/modulo megafunction ("lpm_divide") from the following logic: "seg_led_dynamic:u_seg_led_dynamic|Mod1" File: E:/code/FPGACode/seg_led_dynamic/rtl/seg_led_dynamic.v Line: 37
    Info (278004): Inferred divider/modulo megafunction ("lpm_divide") from the following logic: "seg_led_dynamic:u_seg_led_dynamic|Div1" File: E:/code/FPGACode/seg_led_dynamic/rtl/seg_led_dynamic.v Line: 38
Info (12130): Elaborated megafunction instantiation "seg_led_dynamic:u_seg_led_dynamic|lpm_divide:Mod0" File: E:/code/FPGACode/seg_led_dynamic/rtl/seg_led_dynamic.v Line: 35
Info (12133): Instantiated megafunction "seg_led_dynamic:u_seg_led_dynamic|lpm_divide:Mod0" with the following parameter: File: E:/code/FPGACode/seg_led_dynamic/rtl/seg_led_dynamic.v Line: 35
    Info (12134): Parameter "LPM_WIDTHN" = "6"
    Info (12134): Parameter "LPM_WIDTHD" = "4"
    Info (12134): Parameter "LPM_NREPRESENTATION" = "UNSIGNED"
    Info (12134): Parameter "LPM_DREPRESENTATION" = "UNSIGNED"
Info (12021): Found 1 design units, including 1 entities, in source file db/lpm_divide_k9m.tdf
    Info (12023): Found entity 1: lpm_divide_k9m File: E:/code/FPGACode/seg_led_dynamic/prj/db/lpm_divide_k9m.tdf Line: 24
Info (12021): Found 1 design units, including 1 entities, in source file db/sign_div_unsign_9kh.tdf
    Info (12023): Found entity 1: sign_div_unsign_9kh File: E:/code/FPGACode/seg_led_dynamic/prj/db/sign_div_unsign_9kh.tdf Line: 24
Info (12021): Found 1 design units, including 1 entities, in source file db/alt_u_div_64f.tdf
    Info (12023): Found entity 1: alt_u_div_64f File: E:/code/FPGACode/seg_led_dynamic/prj/db/alt_u_div_64f.tdf Line: 26
Info (12021): Found 1 design units, including 1 entities, in source file db/add_sub_7pc.tdf
    Info (12023): Found entity 1: add_sub_7pc File: E:/code/FPGACode/seg_led_dynamic/prj/db/add_sub_7pc.tdf Line: 22
Info (12021): Found 1 design units, including 1 entities, in source file db/add_sub_8pc.tdf
    Info (12023): Found entity 1: add_sub_8pc File: E:/code/FPGACode/seg_led_dynamic/prj/db/add_sub_8pc.tdf Line: 22
Info (12130): Elaborated megafunction instantiation "seg_led_dynamic:u_seg_led_dynamic|lpm_divide:Div0" File: E:/code/FPGACode/seg_led_dynamic/rtl/seg_led_dynamic.v Line: 36
Info (12133): Instantiated megafunction "seg_led_dynamic:u_seg_led_dynamic|lpm_divide:Div0" with the following parameter: File: E:/code/FPGACode/seg_led_dynamic/rtl/seg_led_dynamic.v Line: 36
    Info (12134): Parameter "LPM_WIDTHN" = "6"
    Info (12134): Parameter "LPM_WIDTHD" = "4"
    Info (12134): Parameter "LPM_NREPRESENTATION" = "UNSIGNED"
    Info (12134): Parameter "LPM_DREPRESENTATION" = "UNSIGNED"
Info (12021): Found 1 design units, including 1 entities, in source file db/lpm_divide_hhm.tdf
    Info (12023): Found entity 1: lpm_divide_hhm File: E:/code/FPGACode/seg_led_dynamic/prj/db/lpm_divide_hhm.tdf Line: 24
Info (12130): Elaborated megafunction instantiation "seg_led_dynamic:u_seg_led_dynamic|lpm_divide:Mod2" File: E:/code/FPGACode/seg_led_dynamic/rtl/seg_led_dynamic.v Line: 39
Info (12133): Instantiated megafunction "seg_led_dynamic:u_seg_led_dynamic|lpm_divide:Mod2" with the following parameter: File: E:/code/FPGACode/seg_led_dynamic/rtl/seg_led_dynamic.v Line: 39
    Info (12134): Parameter "LPM_WIDTHN" = "5"
    Info (12134): Parameter "LPM_WIDTHD" = "4"
    Info (12134): Parameter "LPM_NREPRESENTATION" = "UNSIGNED"
    Info (12134): Parameter "LPM_DREPRESENTATION" = "UNSIGNED"
Info (12021): Found 1 design units, including 1 entities, in source file db/lpm_divide_j9m.tdf
    Info (12023): Found entity 1: lpm_divide_j9m File: E:/code/FPGACode/seg_led_dynamic/prj/db/lpm_divide_j9m.tdf Line: 24
Info (12021): Found 1 design units, including 1 entities, in source file db/sign_div_unsign_8kh.tdf
    Info (12023): Found entity 1: sign_div_unsign_8kh File: E:/code/FPGACode/seg_led_dynamic/prj/db/sign_div_unsign_8kh.tdf Line: 24
Info (12021): Found 1 design units, including 1 entities, in source file db/alt_u_div_44f.tdf
    Info (12023): Found entity 1: alt_u_div_44f File: E:/code/FPGACode/seg_led_dynamic/prj/db/alt_u_div_44f.tdf Line: 26
Info (12130): Elaborated megafunction instantiation "seg_led_dynamic:u_seg_led_dynamic|lpm_divide:Div2" File: E:/code/FPGACode/seg_led_dynamic/rtl/seg_led_dynamic.v Line: 40
Info (12133): Instantiated megafunction "seg_led_dynamic:u_seg_led_dynamic|lpm_divide:Div2" with the following parameter: File: E:/code/FPGACode/seg_led_dynamic/rtl/seg_led_dynamic.v Line: 40
    Info (12134): Parameter "LPM_WIDTHN" = "5"
    Info (12134): Parameter "LPM_WIDTHD" = "4"
    Info (12134): Parameter "LPM_NREPRESENTATION" = "UNSIGNED"
    Info (12134): Parameter "LPM_DREPRESENTATION" = "UNSIGNED"
Info (12021): Found 1 design units, including 1 entities, in source file db/lpm_divide_ghm.tdf
    Info (12023): Found entity 1: lpm_divide_ghm File: E:/code/FPGACode/seg_led_dynamic/prj/db/lpm_divide_ghm.tdf Line: 24
Info (13000): Registers with preset signals will power-up high File: E:/code/FPGACode/seg_led_dynamic/rtl/seg_led_dynamic.v Line: 67
Info (13003): DEV_CLRn pin will set, and not reset, register with preset signal due to NOT Gate Push-Back
Info (286030): Timing-Driven Synthesis is running
Info (16010): Generating hard_block partition "hard_block:auto_generated_inst"
    Info (16011): Adding 0 node(s), including 0 DDIO, 0 PLL, 0 transceiver and 0 LCELL
Info (21057): Implemented 329 device resources after synthesis - the final resource count might be different
    Info (21058): Implemented 2 input pins
    Info (21059): Implemented 14 output pins
    Info (21061): Implemented 313 logic cells
Info: Quartus Prime Analysis & Synthesis was successful. 0 errors, 8 warnings
    Info: Peak virtual memory: 4769 megabytes
    Info: Processing ended: Thu Sep 07 10:46:05 2023
    Info: Elapsed time: 00:00:10
    Info: Total CPU time (on all processors): 00:00:19


